This is TeX, Version 3.14159 (MiKTeX 2.2) (preloaded format=latex 2000.11.28)  7 MAR 2003 21:17
**153crib.tex
(153crib.tex
LaTeX2e <2001/06/01>
Babel <v3.7h> and hyphenation patterns for english, french, german, ngerman, du
mylang, nohyphenation, loaded.
(C:\Program Files\MiKTeX\tex\latex\base\article.cls
Document Class: article 2001/04/21 v1.4e Standard LaTeX document class
(C:\Program Files\MiKTeX\tex\latex\base\size10.clo
File: size10.clo 2001/04/21 v1.4e Standard LaTeX file (size option)
)
\c@part=\count79
\c@section=\count80
\c@subsection=\count81
\c@subsubsection=\count82
\c@paragraph=\count83
\c@subparagraph=\count84
\c@figure=\count85
\c@table=\count86
\abovecaptionskip=\skip41
\belowcaptionskip=\skip42
\bibindent=\dimen102
)
(C:\Documents and Settings\Rik\Application Data\MiKTeX\tex\latex\contrib\suppor
ted\vmargin\vmargin.sty
Package: vmargin 2000/08/01

Package: vmargin 2000/08/01 V2.3 (VK) set document margins
\PaperWidth=\dimen103
\PaperHeight=\dimen104
) (153crib.aux)
LaTeX Font Info:    Checking defaults for OML/cmm/m/it on input line 22.
LaTeX Font Info:    ... okay on input line 22.
LaTeX Font Info:    Checking defaults for T1/cmr/m/n on input line 22.
LaTeX Font Info:    ... okay on input line 22.
LaTeX Font Info:    Checking defaults for OT1/cmr/m/n on input line 22.
LaTeX Font Info:    ... okay on input line 22.
LaTeX Font Info:    Checking defaults for OMS/cmsy/m/n on input line 22.
LaTeX Font Info:    ... okay on input line 22.
LaTeX Font Info:    Checking defaults for OMX/cmex/m/n on input line 22.
LaTeX Font Info:    ... okay on input line 22.
LaTeX Font Info:    Checking defaults for U/cmr/m/n on input line 22.
LaTeX Font Info:    ... okay on input line 22.
LaTeX Font Info:    External font `cmex10' loaded for size
(Font)              <9> on input line 32.
LaTeX Font Info:    External font `cmex10' loaded for size
(Font)              <6> on input line 32.
LaTeX Font Info:    External font `cmex10' loaded for size
(Font)              <5> on input line 32.

Overfull \hbox (8.79707pt too wide) in paragraph at lines 36--40
[][] 
 []


Overfull \hbox (32.80466pt too wide) in paragraph at lines 155--159
[][] 
 []

[1


]
Overfull \hbox (1.54298pt too wide) in paragraph at lines 189--196
[] 
 []


Overfull \hbox (32.60265pt too wide) in paragraph at lines 278--285
[][] 
 []


Overfull \hbox (18.40067pt too wide) in paragraph at lines 287--288
\OT1/cmr/m/n/9 Send sug-ges-tions/corrections to Rik Blok $\OML/cmm/m/it/9 <$\O
T1/cmr/m/n/9 rikblok@shaw.ca$\OML/cmm/m/it/9 >$\OT1/cmr/m/n/9 . 
 []

[2

] (153crib.aux) )
Output written on 153crib.dvi (2 pages, 14044 bytes).
